<?xml version="1.0" encoding="UTF-8"?>
<testng-results ignored="0" total="2" passed="2" failed="0" skipped="0">
  <reporter-output>
  </reporter-output>
  <suite started-at="2021-02-10T14:29:44 CET" name="Default suite" finished-at="2021-02-10T14:30:21 CET" duration-ms="37249">
    <groups>
    </groups>
    <test started-at="2021-02-10T14:29:44 CET" name="Default test" finished-at="2021-02-10T14:30:21 CET" duration-ms="37249">
      <class name="sauceDemoTests.Tests">
        <test-method is-config="true" signature="beforeClass()[pri:0, instance:sauceDemoTests.Tests@163e4e87]" started-at="2021-02-10T14:29:44 CET" name="beforeClass" finished-at="2021-02-10T14:29:50 CET" duration-ms="5685" status="PASS">
          <reporter-output>
          </reporter-output>
        </test-method> <!-- beforeClass -->
        <test-method is-config="true" signature="setup()[pri:0, instance:sauceDemoTests.Tests@163e4e87]" started-at="2021-02-10T14:29:50 CET" name="setup" finished-at="2021-02-10T14:29:52 CET" duration-ms="2750" status="PASS">
          <reporter-output>
          </reporter-output>
        </test-method> <!-- setup -->
        <test-method signature="logIn()[pri:0, instance:sauceDemoTests.Tests@163e4e87]" started-at="2021-02-10T14:29:52 CET" name="logIn" finished-at="2021-02-10T14:29:55 CET" duration-ms="2955" status="PASS">
          <reporter-output>
          </reporter-output>
        </test-method> <!-- logIn -->
        <test-method is-config="true" signature="afterMethod()[pri:0, instance:sauceDemoTests.Tests@163e4e87]" started-at="2021-02-10T14:29:55 CET" name="afterMethod" finished-at="2021-02-10T14:29:57 CET" duration-ms="2083" status="PASS">
          <reporter-output>
          </reporter-output>
        </test-method> <!-- afterMethod -->
        <test-method is-config="true" signature="setup()[pri:0, instance:sauceDemoTests.Tests@163e4e87]" started-at="2021-02-10T14:29:58 CET" name="setup" finished-at="2021-02-10T14:30:00 CET" duration-ms="2037" status="PASS">
          <reporter-output>
          </reporter-output>
        </test-method> <!-- setup -->
        <test-method signature="order()[pri:5, instance:sauceDemoTests.Tests@163e4e87]" started-at="2021-02-10T14:30:00 CET" name="order" finished-at="2021-02-10T14:30:19 CET" duration-ms="19578" status="PASS">
          <reporter-output>
          </reporter-output>
        </test-method> <!-- order -->
        <test-method is-config="true" signature="afterMethod()[pri:0, instance:sauceDemoTests.Tests@163e4e87]" started-at="2021-02-10T14:30:19 CET" name="afterMethod" finished-at="2021-02-10T14:30:21 CET" duration-ms="2073" status="PASS">
          <reporter-output>
          </reporter-output>
        </test-method> <!-- afterMethod -->
        <test-method is-config="true" signature="afterClass()[pri:0, instance:sauceDemoTests.Tests@163e4e87]" started-at="2021-02-10T14:30:21 CET" name="afterClass" finished-at="2021-02-10T14:30:21 CET" duration-ms="54" status="PASS">
          <reporter-output>
          </reporter-output>
        </test-method> <!-- afterClass -->
      </class> <!-- sauceDemoTests.Tests -->
    </test> <!-- Default test -->
  </suite> <!-- Default suite -->
</testng-results>
